<?xml version="1.0" encoding="UTF-8"?>
<!-- Generated by org.testng.reporters.JUnitReportReporter -->
<testsuite hostname="MAVBCP3615" failures="0" tests="1" name="com.selenium.exmaples.MultipleWindowsHandle" time="13.490" errors="0" timestamp="2021-10-07T09:47:06 IST" skipped="0">
  <testcase classname="com.selenium.exmaples.MultipleWindowsHandle" name="maultiplehandle" time="13.490"/>
  <system-out/>
</testsuite> <!-- com.selenium.exmaples.MultipleWindowsHandle -->
