<?xml version="1.0" encoding="UTF-8"?>
<!-- Generated by org.testng.reporters.JUnitReportReporter -->
<testsuite hostname="MAVBCP3615" failures="0" tests="1" name="com.selenium.exmaples.RecordingScript" time="20.499" errors="0" timestamp="2021-10-08T11:55:40 IST" skipped="0">
  <testcase classname="com.selenium.exmaples.RecordingScript" name="testParameterWithXML" time="20.499"/>
  <system-out/>
</testsuite> <!-- com.selenium.exmaples.RecordingScript -->
