<?xml version="1.0" encoding="UTF-8"?>
<!-- Generated by org.testng.reporters.JUnitReportReporter -->
<testsuite skipped="0" hostname="MAVBCP3615" name="com.selenium.exmaples.DrillDay" tests="1" failures="0" timestamp="2021-10-13T11:52:15 IST" time="38.541" errors="0">
  <testcase name="yamuna" time="38.541" classname="com.selenium.exmaples.DrillDay"/>
  <system-out/>
</testsuite> <!-- com.selenium.exmaples.DrillDay -->
