<?xml version="1.0" encoding="UTF-8"?>
<!-- Generated by org.testng.reporters.JUnitReportReporter -->
<testsuite hostname="MAVBCP3615" failures="0" tests="1" name="com.selenium.exmaples.VerifyWordpress" time="26.581" errors="0" timestamp="2021-10-07T13:40:08 IST" skipped="0">
  <testcase classname="com.selenium.exmaples.VerifyWordpress" name="verifyValidLogin" time="26.581"/>
  <system-out/>
</testsuite> <!-- com.selenium.exmaples.VerifyWordpress -->
