<?xml version="1.0" encoding="UTF-8"?>
<!-- Generated by org.testng.reporters.JUnitReportReporter -->
<testsuite hostname="MAVBCP3615" failures="0" tests="1" name="com.selenium.exmaples.CrossBrowserScript" time="14.852" errors="0" timestamp="2021-10-08T12:01:48 IST" skipped="0">
  <testcase classname="com.selenium.exmaples.CrossBrowserScript" name="testParameterWithXML" time="14.852"/>
  <system-out/>
</testsuite> <!-- com.selenium.exmaples.CrossBrowserScript -->
