<?xml version="1.0" encoding="UTF-8"?>
<!-- Generated by org.testng.reporters.JUnitReportReporter -->
<testsuite hostname="MAVBCP3615" failures="0" tests="1" name="com.selenium.exmaples.RobotClass" time="45.210" errors="0" timestamp="2021-10-08T13:45:59 IST" skipped="0">
  <testcase classname="com.selenium.exmaples.RobotClass" name="yamuna" time="45.210"/>
  <system-out/>
</testsuite> <!-- com.selenium.exmaples.RobotClass -->
