<?xml version="1.0" encoding="UTF-8"?>
<!-- Generated by org.testng.reporters.JUnitReportReporter -->
<testsuite hostname="MAVBCP3615" failures="0" tests="2" name="com.selenium.exmaples.ParallelTesting" time="4.104" errors="0" timestamp="2021-10-08T12:00:12 IST" skipped="0">
  <testcase classname="com.selenium.exmaples.ParallelTesting" name="login_TestCase" time="2.659"/>
  <system-out/>
  <testcase classname="com.selenium.exmaples.ParallelTesting" name="search_TestCase" time="1.445"/>
  <system-out/>
</testsuite> <!-- com.selenium.exmaples.ParallelTesting -->
